The system is: Linux - 3.10.40.1.amd64-smp - x86_64
Compiling the C compiler identification source file "CMakeCCompilerId.c" succeeded.
Compiler: /usr/bin/gcc-4.4 
Build flags: 
Id flags: 

The output was:
0


Compilation of the C compiler identification source "CMakeCCompilerId.c" produced "a.out"

The C compiler identification is GNU, found in "/home/chteflio/workspace/mpi2/build/CMakeFiles/CompilerIdC/a.out"

Compiling the CXX compiler identification source file "CMakeCXXCompilerId.cpp" succeeded.
Compiler: /usr/bin/g++-4.4 
Build flags: 
Id flags: 

The output was:
0


Compilation of the CXX compiler identification source "CMakeCXXCompilerId.cpp" produced "a.out"

The CXX compiler identification is GNU, found in "/home/chteflio/workspace/mpi2/build/CMakeFiles/CompilerIdCXX/a.out"

Determining if the C compiler works passed with the following output:
Change Dir: /home/chteflio/workspace/mpi2/build/CMakeFiles/CMakeTmp

Run Build Command:/usr/bin/make "cmTryCompileExec1189130287/fast"
/usr/bin/make -f CMakeFiles/cmTryCompileExec1189130287.dir/build.make CMakeFiles/cmTryCompileExec1189130287.dir/build
make[1]: Entering directory `/home/chteflio/workspace/mpi2/build/CMakeFiles/CMakeTmp'
/usr/bin/cmake -E cmake_progress_report /home/chteflio/workspace/mpi2/build/CMakeFiles/CMakeTmp/CMakeFiles 1
Building C object CMakeFiles/cmTryCompileExec1189130287.dir/testCCompiler.c.o
/usr/bin/gcc-4.4    -o CMakeFiles/cmTryCompileExec1189130287.dir/testCCompiler.c.o   -c /home/chteflio/workspace/mpi2/build/CMakeFiles/CMakeTmp/testCCompiler.c
Linking C executable cmTryCompileExec1189130287
/usr/bin/cmake -E cmake_link_script CMakeFiles/cmTryCompileExec1189130287.dir/link.txt --verbose=1
/usr/bin/gcc-4.4         CMakeFiles/cmTryCompileExec1189130287.dir/testCCompiler.c.o  -o cmTryCompileExec1189130287 -rdynamic 
make[1]: Leaving directory `/home/chteflio/workspace/mpi2/build/CMakeFiles/CMakeTmp'


Detecting C compiler ABI info compiled with the following output:
Change Dir: /home/chteflio/workspace/mpi2/build/CMakeFiles/CMakeTmp

Run Build Command:/usr/bin/make "cmTryCompileExec681664825/fast"
/usr/bin/make -f CMakeFiles/cmTryCompileExec681664825.dir/build.make CMakeFiles/cmTryCompileExec681664825.dir/build
make[1]: Entering directory `/home/chteflio/workspace/mpi2/build/CMakeFiles/CMakeTmp'
/usr/bin/cmake -E cmake_progress_report /home/chteflio/workspace/mpi2/build/CMakeFiles/CMakeTmp/CMakeFiles 1
Building C object CMakeFiles/cmTryCompileExec681664825.dir/CMakeCCompilerABI.c.o
/usr/bin/gcc-4.4    -o CMakeFiles/cmTryCompileExec681664825.dir/CMakeCCompilerABI.c.o   -c /usr/share/cmake-2.8/Modules/CMakeCCompilerABI.c
Linking C executable cmTryCompileExec681664825
/usr/bin/cmake -E cmake_link_script CMakeFiles/cmTryCompileExec681664825.dir/link.txt --verbose=1
/usr/bin/gcc-4.4       -v CMakeFiles/cmTryCompileExec681664825.dir/CMakeCCompilerABI.c.o  -o cmTryCompileExec681664825 -rdynamic  
Using built-in specs.
Target: x86_64-linux-gnu
Configured with: ../src/configure -v --with-pkgversion='Debian 4.4.7-2' --with-bugurl=file:///usr/share/doc/gcc-4.4/README.Bugs --enable-languages=c,c++,fortran --prefix=/usr --program-suffix=-4.4 --enable-shared --enable-linker-build-id --with-system-zlib --libexecdir=/usr/lib --without-included-gettext --enable-threads=posix --with-gxx-include-dir=/usr/include/c++/4.4 --libdir=/usr/lib --enable-nls --enable-clocale=gnu --enable-libstdcxx-debug --with-arch-32=i586 --with-tune=generic --enable-checking=release --build=x86_64-linux-gnu --host=x86_64-linux-gnu --target=x86_64-linux-gnu
Thread model: posix
gcc version 4.4.7 (Debian 4.4.7-2) 
COMPILER_PATH=/usr/lib/gcc/x86_64-linux-gnu/4.4.7/:/usr/lib/gcc/x86_64-linux-gnu/4.4.7/:/usr/lib/gcc/x86_64-linux-gnu/:/usr/lib/gcc/x86_64-linux-gnu/4.4.7/:/usr/lib/gcc/x86_64-linux-gnu/:/usr/lib/gcc/x86_64-linux-gnu/4.4.7/:/usr/lib/gcc/x86_64-linux-gnu/
LIBRARY_PATH=/usr/lib/gcc/x86_64-linux-gnu/4.4.7/:/usr/lib/gcc/x86_64-linux-gnu/4.4.7/:/usr/lib/gcc/x86_64-linux-gnu/4.4.7/../../../x86_64-linux-gnu/:/usr/lib/gcc/x86_64-linux-gnu/4.4.7/../../../../lib/:/lib/x86_64-linux-gnu/:/lib/../lib/:/usr/lib/x86_64-linux-gnu/:/usr/lib/../lib/:/usr/lib/gcc/x86_64-linux-gnu/4.4.7/../../../:/lib/:/usr/lib/
COLLECT_GCC_OPTIONS='-v' '-o' 'cmTryCompileExec681664825' '-rdynamic' '-mtune=generic'
 /usr/lib/gcc/x86_64-linux-gnu/4.4.7/collect2 --build-id --no-add-needed --eh-frame-hdr -m elf_x86_64 --hash-style=both -export-dynamic -dynamic-linker /lib64/ld-linux-x86-64.so.2 -o cmTryCompileExec681664825 /usr/lib/gcc/x86_64-linux-gnu/4.4.7/../../../x86_64-linux-gnu/crt1.o /usr/lib/gcc/x86_64-linux-gnu/4.4.7/../../../x86_64-linux-gnu/crti.o /usr/lib/gcc/x86_64-linux-gnu/4.4.7/crtbegin.o -L/usr/lib/gcc/x86_64-linux-gnu/4.4.7 -L/usr/lib/gcc/x86_64-linux-gnu/4.4.7 -L/usr/lib/gcc/x86_64-linux-gnu/4.4.7/../../../x86_64-linux-gnu -L/usr/lib/gcc/x86_64-linux-gnu/4.4.7/../../../../lib -L/lib/x86_64-linux-gnu -L/lib/../lib -L/usr/lib/x86_64-linux-gnu -L/usr/lib/../lib -L/usr/lib/gcc/x86_64-linux-gnu/4.4.7/../../.. CMakeFiles/cmTryCompileExec681664825.dir/CMakeCCompilerABI.c.o -lgcc --as-needed -lgcc_s --no-as-needed -lc -lgcc --as-needed -lgcc_s --no-as-needed /usr/lib/gcc/x86_64-linux-gnu/4.4.7/crtend.o /usr/lib/gcc/x86_64-linux-gnu/4.4.7/../../../x86_64-linux-gnu/crtn.o
make[1]: Leaving directory `/home/chteflio/workspace/mpi2/build/CMakeFiles/CMakeTmp'


Parsed C implicit link information from above output:
  link line regex: [^( *|.*[/\])(ld|ld|collect2)[^/\]*( |$)]
  ignore line: [Change Dir: /home/chteflio/workspace/mpi2/build/CMakeFiles/CMakeTmp]
  ignore line: []
  ignore line: [Run Build Command:/usr/bin/make "cmTryCompileExec681664825/fast"]
  ignore line: [/usr/bin/make -f CMakeFiles/cmTryCompileExec681664825.dir/build.make CMakeFiles/cmTryCompileExec681664825.dir/build]
  ignore line: [make[1]: Entering directory `/home/chteflio/workspace/mpi2/build/CMakeFiles/CMakeTmp']
  ignore line: [/usr/bin/cmake -E cmake_progress_report /home/chteflio/workspace/mpi2/build/CMakeFiles/CMakeTmp/CMakeFiles 1]
  ignore line: [Building C object CMakeFiles/cmTryCompileExec681664825.dir/CMakeCCompilerABI.c.o]
  ignore line: [/usr/bin/gcc-4.4    -o CMakeFiles/cmTryCompileExec681664825.dir/CMakeCCompilerABI.c.o   -c /usr/share/cmake-2.8/Modules/CMakeCCompilerABI.c]
  ignore line: [Linking C executable cmTryCompileExec681664825]
  ignore line: [/usr/bin/cmake -E cmake_link_script CMakeFiles/cmTryCompileExec681664825.dir/link.txt --verbose=1]
  ignore line: [/usr/bin/gcc-4.4       -v CMakeFiles/cmTryCompileExec681664825.dir/CMakeCCompilerABI.c.o  -o cmTryCompileExec681664825 -rdynamic  ]
  ignore line: [Using built-in specs.]
  ignore line: [Target: x86_64-linux-gnu]
  ignore line: [Configured with: ../src/configure -v --with-pkgversion='Debian 4.4.7-2' --with-bugurl=file:///usr/share/doc/gcc-4.4/README.Bugs --enable-languages=c,c++,fortran --prefix=/usr --program-suffix=-4.4 --enable-shared --enable-linker-build-id --with-system-zlib --libexecdir=/usr/lib --without-included-gettext --enable-threads=posix --with-gxx-include-dir=/usr/include/c++/4.4 --libdir=/usr/lib --enable-nls --enable-clocale=gnu --enable-libstdcxx-debug --with-arch-32=i586 --with-tune=generic --enable-checking=release --build=x86_64-linux-gnu --host=x86_64-linux-gnu --target=x86_64-linux-gnu]
  ignore line: [Thread model: posix]
  ignore line: [gcc version 4.4.7 (Debian 4.4.7-2) ]
  ignore line: [COMPILER_PATH=/usr/lib/gcc/x86_64-linux-gnu/4.4.7/:/usr/lib/gcc/x86_64-linux-gnu/4.4.7/:/usr/lib/gcc/x86_64-linux-gnu/:/usr/lib/gcc/x86_64-linux-gnu/4.4.7/:/usr/lib/gcc/x86_64-linux-gnu/:/usr/lib/gcc/x86_64-linux-gnu/4.4.7/:/usr/lib/gcc/x86_64-linux-gnu/]
  ignore line: [LIBRARY_PATH=/usr/lib/gcc/x86_64-linux-gnu/4.4.7/:/usr/lib/gcc/x86_64-linux-gnu/4.4.7/:/usr/lib/gcc/x86_64-linux-gnu/4.4.7/../../../x86_64-linux-gnu/:/usr/lib/gcc/x86_64-linux-gnu/4.4.7/../../../../lib/:/lib/x86_64-linux-gnu/:/lib/../lib/:/usr/lib/x86_64-linux-gnu/:/usr/lib/../lib/:/usr/lib/gcc/x86_64-linux-gnu/4.4.7/../../../:/lib/:/usr/lib/]
  ignore line: [COLLECT_GCC_OPTIONS='-v' '-o' 'cmTryCompileExec681664825' '-rdynamic' '-mtune=generic']
  link line: [ /usr/lib/gcc/x86_64-linux-gnu/4.4.7/collect2 --build-id --no-add-needed --eh-frame-hdr -m elf_x86_64 --hash-style=both -export-dynamic -dynamic-linker /lib64/ld-linux-x86-64.so.2 -o cmTryCompileExec681664825 /usr/lib/gcc/x86_64-linux-gnu/4.4.7/../../../x86_64-linux-gnu/crt1.o /usr/lib/gcc/x86_64-linux-gnu/4.4.7/../../../x86_64-linux-gnu/crti.o /usr/lib/gcc/x86_64-linux-gnu/4.4.7/crtbegin.o -L/usr/lib/gcc/x86_64-linux-gnu/4.4.7 -L/usr/lib/gcc/x86_64-linux-gnu/4.4.7 -L/usr/lib/gcc/x86_64-linux-gnu/4.4.7/../../../x86_64-linux-gnu -L/usr/lib/gcc/x86_64-linux-gnu/4.4.7/../../../../lib -L/lib/x86_64-linux-gnu -L/lib/../lib -L/usr/lib/x86_64-linux-gnu -L/usr/lib/../lib -L/usr/lib/gcc/x86_64-linux-gnu/4.4.7/../../.. CMakeFiles/cmTryCompileExec681664825.dir/CMakeCCompilerABI.c.o -lgcc --as-needed -lgcc_s --no-as-needed -lc -lgcc --as-needed -lgcc_s --no-as-needed /usr/lib/gcc/x86_64-linux-gnu/4.4.7/crtend.o /usr/lib/gcc/x86_64-linux-gnu/4.4.7/../../../x86_64-linux-gnu/crtn.o]
    arg [/usr/lib/gcc/x86_64-linux-gnu/4.4.7/collect2] ==> ignore
    arg [--build-id] ==> ignore
    arg [--no-add-needed] ==> ignore
    arg [--eh-frame-hdr] ==> ignore
    arg [-m] ==> ignore
    arg [elf_x86_64] ==> ignore
    arg [--hash-style=both] ==> ignore
    arg [-export-dynamic] ==> ignore
    arg [-dynamic-linker] ==> ignore
    arg [/lib64/ld-linux-x86-64.so.2] ==> ignore
    arg [-o] ==> ignore
    arg [cmTryCompileExec681664825] ==> ignore
    arg [/usr/lib/gcc/x86_64-linux-gnu/4.4.7/../../../x86_64-linux-gnu/crt1.o] ==> ignore
    arg [/usr/lib/gcc/x86_64-linux-gnu/4.4.7/../../../x86_64-linux-gnu/crti.o] ==> ignore
    arg [/usr/lib/gcc/x86_64-linux-gnu/4.4.7/crtbegin.o] ==> ignore
    arg [-L/usr/lib/gcc/x86_64-linux-gnu/4.4.7] ==> dir [/usr/lib/gcc/x86_64-linux-gnu/4.4.7]
    arg [-L/usr/lib/gcc/x86_64-linux-gnu/4.4.7] ==> dir [/usr/lib/gcc/x86_64-linux-gnu/4.4.7]
    arg [-L/usr/lib/gcc/x86_64-linux-gnu/4.4.7/../../../x86_64-linux-gnu] ==> dir [/usr/lib/gcc/x86_64-linux-gnu/4.4.7/../../../x86_64-linux-gnu]
    arg [-L/usr/lib/gcc/x86_64-linux-gnu/4.4.7/../../../../lib] ==> dir [/usr/lib/gcc/x86_64-linux-gnu/4.4.7/../../../../lib]
    arg [-L/lib/x86_64-linux-gnu] ==> dir [/lib/x86_64-linux-gnu]
    arg [-L/lib/../lib] ==> dir [/lib/../lib]
    arg [-L/usr/lib/x86_64-linux-gnu] ==> dir [/usr/lib/x86_64-linux-gnu]
    arg [-L/usr/lib/../lib] ==> dir [/usr/lib/../lib]
    arg [-L/usr/lib/gcc/x86_64-linux-gnu/4.4.7/../../..] ==> dir [/usr/lib/gcc/x86_64-linux-gnu/4.4.7/../../..]
    arg [CMakeFiles/cmTryCompileExec681664825.dir/CMakeCCompilerABI.c.o] ==> ignore
    arg [-lgcc] ==> lib [gcc]
    arg [--as-needed] ==> ignore
    arg [-lgcc_s] ==> lib [gcc_s]
    arg [--no-as-needed] ==> ignore
    arg [-lc] ==> lib [c]
    arg [-lgcc] ==> lib [gcc]
    arg [--as-needed] ==> ignore
    arg [-lgcc_s] ==> lib [gcc_s]
    arg [--no-as-needed] ==> ignore
    arg [/usr/lib/gcc/x86_64-linux-gnu/4.4.7/crtend.o] ==> ignore
    arg [/usr/lib/gcc/x86_64-linux-gnu/4.4.7/../../../x86_64-linux-gnu/crtn.o] ==> ignore
  remove lib [gcc]
  remove lib [gcc_s]
  remove lib [gcc]
  remove lib [gcc_s]
  collapse dir [/usr/lib/gcc/x86_64-linux-gnu/4.4.7] ==> [/usr/lib/gcc/x86_64-linux-gnu/4.4.7]
  collapse dir [/usr/lib/gcc/x86_64-linux-gnu/4.4.7] ==> [/usr/lib/gcc/x86_64-linux-gnu/4.4.7]
  collapse dir [/usr/lib/gcc/x86_64-linux-gnu/4.4.7/../../../x86_64-linux-gnu] ==> [/usr/lib/x86_64-linux-gnu]
  collapse dir [/usr/lib/gcc/x86_64-linux-gnu/4.4.7/../../../../lib] ==> [/usr/lib]
  collapse dir [/lib/x86_64-linux-gnu] ==> [/lib/x86_64-linux-gnu]
  collapse dir [/lib/../lib] ==> [/lib]
  collapse dir [/usr/lib/x86_64-linux-gnu] ==> [/usr/lib/x86_64-linux-gnu]
  collapse dir [/usr/lib/../lib] ==> [/usr/lib]
  collapse dir [/usr/lib/gcc/x86_64-linux-gnu/4.4.7/../../..] ==> [/usr/lib]
  implicit libs: [c]
  implicit dirs: [/usr/lib/gcc/x86_64-linux-gnu/4.4.7;/usr/lib/x86_64-linux-gnu;/usr/lib;/lib/x86_64-linux-gnu;/lib]


Determining if the CXX compiler works passed with the following output:
Change Dir: /home/chteflio/workspace/mpi2/build/CMakeFiles/CMakeTmp

Run Build Command:/usr/bin/make "cmTryCompileExec1314910363/fast"
/usr/bin/make -f CMakeFiles/cmTryCompileExec1314910363.dir/build.make CMakeFiles/cmTryCompileExec1314910363.dir/build
make[1]: Entering directory `/home/chteflio/workspace/mpi2/build/CMakeFiles/CMakeTmp'
/usr/bin/cmake -E cmake_progress_report /home/chteflio/workspace/mpi2/build/CMakeFiles/CMakeTmp/CMakeFiles 1
Building CXX object CMakeFiles/cmTryCompileExec1314910363.dir/testCXXCompiler.cxx.o
/usr/bin/g++-4.4     -o CMakeFiles/cmTryCompileExec1314910363.dir/testCXXCompiler.cxx.o -c /home/chteflio/workspace/mpi2/build/CMakeFiles/CMakeTmp/testCXXCompiler.cxx
Linking CXX executable cmTryCompileExec1314910363
/usr/bin/cmake -E cmake_link_script CMakeFiles/cmTryCompileExec1314910363.dir/link.txt --verbose=1
/usr/bin/g++-4.4          CMakeFiles/cmTryCompileExec1314910363.dir/testCXXCompiler.cxx.o  -o cmTryCompileExec1314910363 -rdynamic 
make[1]: Leaving directory `/home/chteflio/workspace/mpi2/build/CMakeFiles/CMakeTmp'


Detecting CXX compiler ABI info compiled with the following output:
Change Dir: /home/chteflio/workspace/mpi2/build/CMakeFiles/CMakeTmp

Run Build Command:/usr/bin/make "cmTryCompileExec2917840265/fast"
/usr/bin/make -f CMakeFiles/cmTryCompileExec2917840265.dir/build.make CMakeFiles/cmTryCompileExec2917840265.dir/build
make[1]: Entering directory `/home/chteflio/workspace/mpi2/build/CMakeFiles/CMakeTmp'
/usr/bin/cmake -E cmake_progress_report /home/chteflio/workspace/mpi2/build/CMakeFiles/CMakeTmp/CMakeFiles 1
Building CXX object CMakeFiles/cmTryCompileExec2917840265.dir/CMakeCXXCompilerABI.cpp.o
/usr/bin/g++-4.4     -o CMakeFiles/cmTryCompileExec2917840265.dir/CMakeCXXCompilerABI.cpp.o -c /usr/share/cmake-2.8/Modules/CMakeCXXCompilerABI.cpp
Linking CXX executable cmTryCompileExec2917840265
/usr/bin/cmake -E cmake_link_script CMakeFiles/cmTryCompileExec2917840265.dir/link.txt --verbose=1
/usr/bin/g++-4.4        -v CMakeFiles/cmTryCompileExec2917840265.dir/CMakeCXXCompilerABI.cpp.o  -o cmTryCompileExec2917840265 -rdynamic  
Using built-in specs.
Target: x86_64-linux-gnu
Configured with: ../src/configure -v --with-pkgversion='Debian 4.4.7-2' --with-bugurl=file:///usr/share/doc/gcc-4.4/README.Bugs --enable-languages=c,c++,fortran --prefix=/usr --program-suffix=-4.4 --enable-shared --enable-linker-build-id --with-system-zlib --libexecdir=/usr/lib --without-included-gettext --enable-threads=posix --with-gxx-include-dir=/usr/include/c++/4.4 --libdir=/usr/lib --enable-nls --enable-clocale=gnu --enable-libstdcxx-debug --with-arch-32=i586 --with-tune=generic --enable-checking=release --build=x86_64-linux-gnu --host=x86_64-linux-gnu --target=x86_64-linux-gnu
Thread model: posix
gcc version 4.4.7 (Debian 4.4.7-2) 
COMPILER_PATH=/usr/lib/gcc/x86_64-linux-gnu/4.4.7/:/usr/lib/gcc/x86_64-linux-gnu/4.4.7/:/usr/lib/gcc/x86_64-linux-gnu/:/usr/lib/gcc/x86_64-linux-gnu/4.4.7/:/usr/lib/gcc/x86_64-linux-gnu/:/usr/lib/gcc/x86_64-linux-gnu/4.4.7/:/usr/lib/gcc/x86_64-linux-gnu/
LIBRARY_PATH=/usr/lib/gcc/x86_64-linux-gnu/4.4.7/:/usr/lib/gcc/x86_64-linux-gnu/4.4.7/:/usr/lib/gcc/x86_64-linux-gnu/4.4.7/../../../x86_64-linux-gnu/:/usr/lib/gcc/x86_64-linux-gnu/4.4.7/../../../../lib/:/lib/x86_64-linux-gnu/:/lib/../lib/:/usr/lib/x86_64-linux-gnu/:/usr/lib/../lib/:/usr/lib/gcc/x86_64-linux-gnu/4.4.7/../../../:/lib/:/usr/lib/
COLLECT_GCC_OPTIONS='-v' '-o' 'cmTryCompileExec2917840265' '-rdynamic' '-shared-libgcc' '-mtune=generic'
 /usr/lib/gcc/x86_64-linux-gnu/4.4.7/collect2 --build-id --no-add-needed --eh-frame-hdr -m elf_x86_64 --hash-style=both -export-dynamic -dynamic-linker /lib64/ld-linux-x86-64.so.2 -o cmTryCompileExec2917840265 /usr/lib/gcc/x86_64-linux-gnu/4.4.7/../../../x86_64-linux-gnu/crt1.o /usr/lib/gcc/x86_64-linux-gnu/4.4.7/../../../x86_64-linux-gnu/crti.o /usr/lib/gcc/x86_64-linux-gnu/4.4.7/crtbegin.o -L/usr/lib/gcc/x86_64-linux-gnu/4.4.7 -L/usr/lib/gcc/x86_64-linux-gnu/4.4.7 -L/usr/lib/gcc/x86_64-linux-gnu/4.4.7/../../../x86_64-linux-gnu -L/usr/lib/gcc/x86_64-linux-gnu/4.4.7/../../../../lib -L/lib/x86_64-linux-gnu -L/lib/../lib -L/usr/lib/x86_64-linux-gnu -L/usr/lib/../lib -L/usr/lib/gcc/x86_64-linux-gnu/4.4.7/../../.. CMakeFiles/cmTryCompileExec2917840265.dir/CMakeCXXCompilerABI.cpp.o -lstdc++ -lm -lgcc_s -lgcc -lc -lgcc_s -lgcc /usr/lib/gcc/x86_64-linux-gnu/4.4.7/crtend.o /usr/lib/gcc/x86_64-linux-gnu/4.4.7/../../../x86_64-linux-gnu/crtn.o
make[1]: Leaving directory `/home/chteflio/workspace/mpi2/build/CMakeFiles/CMakeTmp'


Parsed CXX implicit link information from above output:
  link line regex: [^( *|.*[/\])(ld|ld|collect2)[^/\]*( |$)]
  ignore line: [Change Dir: /home/chteflio/workspace/mpi2/build/CMakeFiles/CMakeTmp]
  ignore line: []
  ignore line: [Run Build Command:/usr/bin/make "cmTryCompileExec2917840265/fast"]
  ignore line: [/usr/bin/make -f CMakeFiles/cmTryCompileExec2917840265.dir/build.make CMakeFiles/cmTryCompileExec2917840265.dir/build]
  ignore line: [make[1]: Entering directory `/home/chteflio/workspace/mpi2/build/CMakeFiles/CMakeTmp']
  ignore line: [/usr/bin/cmake -E cmake_progress_report /home/chteflio/workspace/mpi2/build/CMakeFiles/CMakeTmp/CMakeFiles 1]
  ignore line: [Building CXX object CMakeFiles/cmTryCompileExec2917840265.dir/CMakeCXXCompilerABI.cpp.o]
  ignore line: [/usr/bin/g++-4.4     -o CMakeFiles/cmTryCompileExec2917840265.dir/CMakeCXXCompilerABI.cpp.o -c /usr/share/cmake-2.8/Modules/CMakeCXXCompilerABI.cpp]
  ignore line: [Linking CXX executable cmTryCompileExec2917840265]
  ignore line: [/usr/bin/cmake -E cmake_link_script CMakeFiles/cmTryCompileExec2917840265.dir/link.txt --verbose=1]
  ignore line: [/usr/bin/g++-4.4        -v CMakeFiles/cmTryCompileExec2917840265.dir/CMakeCXXCompilerABI.cpp.o  -o cmTryCompileExec2917840265 -rdynamic  ]
  ignore line: [Using built-in specs.]
  ignore line: [Target: x86_64-linux-gnu]
  ignore line: [Configured with: ../src/configure -v --with-pkgversion='Debian 4.4.7-2' --with-bugurl=file:///usr/share/doc/gcc-4.4/README.Bugs --enable-languages=c,c++,fortran --prefix=/usr --program-suffix=-4.4 --enable-shared --enable-linker-build-id --with-system-zlib --libexecdir=/usr/lib --without-included-gettext --enable-threads=posix --with-gxx-include-dir=/usr/include/c++/4.4 --libdir=/usr/lib --enable-nls --enable-clocale=gnu --enable-libstdcxx-debug --with-arch-32=i586 --with-tune=generic --enable-checking=release --build=x86_64-linux-gnu --host=x86_64-linux-gnu --target=x86_64-linux-gnu]
  ignore line: [Thread model: posix]
  ignore line: [gcc version 4.4.7 (Debian 4.4.7-2) ]
  ignore line: [COMPILER_PATH=/usr/lib/gcc/x86_64-linux-gnu/4.4.7/:/usr/lib/gcc/x86_64-linux-gnu/4.4.7/:/usr/lib/gcc/x86_64-linux-gnu/:/usr/lib/gcc/x86_64-linux-gnu/4.4.7/:/usr/lib/gcc/x86_64-linux-gnu/:/usr/lib/gcc/x86_64-linux-gnu/4.4.7/:/usr/lib/gcc/x86_64-linux-gnu/]
  ignore line: [LIBRARY_PATH=/usr/lib/gcc/x86_64-linux-gnu/4.4.7/:/usr/lib/gcc/x86_64-linux-gnu/4.4.7/:/usr/lib/gcc/x86_64-linux-gnu/4.4.7/../../../x86_64-linux-gnu/:/usr/lib/gcc/x86_64-linux-gnu/4.4.7/../../../../lib/:/lib/x86_64-linux-gnu/:/lib/../lib/:/usr/lib/x86_64-linux-gnu/:/usr/lib/../lib/:/usr/lib/gcc/x86_64-linux-gnu/4.4.7/../../../:/lib/:/usr/lib/]
  ignore line: [COLLECT_GCC_OPTIONS='-v' '-o' 'cmTryCompileExec2917840265' '-rdynamic' '-shared-libgcc' '-mtune=generic']
  link line: [ /usr/lib/gcc/x86_64-linux-gnu/4.4.7/collect2 --build-id --no-add-needed --eh-frame-hdr -m elf_x86_64 --hash-style=both -export-dynamic -dynamic-linker /lib64/ld-linux-x86-64.so.2 -o cmTryCompileExec2917840265 /usr/lib/gcc/x86_64-linux-gnu/4.4.7/../../../x86_64-linux-gnu/crt1.o /usr/lib/gcc/x86_64-linux-gnu/4.4.7/../../../x86_64-linux-gnu/crti.o /usr/lib/gcc/x86_64-linux-gnu/4.4.7/crtbegin.o -L/usr/lib/gcc/x86_64-linux-gnu/4.4.7 -L/usr/lib/gcc/x86_64-linux-gnu/4.4.7 -L/usr/lib/gcc/x86_64-linux-gnu/4.4.7/../../../x86_64-linux-gnu -L/usr/lib/gcc/x86_64-linux-gnu/4.4.7/../../../../lib -L/lib/x86_64-linux-gnu -L/lib/../lib -L/usr/lib/x86_64-linux-gnu -L/usr/lib/../lib -L/usr/lib/gcc/x86_64-linux-gnu/4.4.7/../../.. CMakeFiles/cmTryCompileExec2917840265.dir/CMakeCXXCompilerABI.cpp.o -lstdc++ -lm -lgcc_s -lgcc -lc -lgcc_s -lgcc /usr/lib/gcc/x86_64-linux-gnu/4.4.7/crtend.o /usr/lib/gcc/x86_64-linux-gnu/4.4.7/../../../x86_64-linux-gnu/crtn.o]
    arg [/usr/lib/gcc/x86_64-linux-gnu/4.4.7/collect2] ==> ignore
    arg [--build-id] ==> ignore
    arg [--no-add-needed] ==> ignore
    arg [--eh-frame-hdr] ==> ignore
    arg [-m] ==> ignore
    arg [elf_x86_64] ==> ignore
    arg [--hash-style=both] ==> ignore
    arg [-export-dynamic] ==> ignore
    arg [-dynamic-linker] ==> ignore
    arg [/lib64/ld-linux-x86-64.so.2] ==> ignore
    arg [-o] ==> ignore
    arg [cmTryCompileExec2917840265] ==> ignore
    arg [/usr/lib/gcc/x86_64-linux-gnu/4.4.7/../../../x86_64-linux-gnu/crt1.o] ==> ignore
    arg [/usr/lib/gcc/x86_64-linux-gnu/4.4.7/../../../x86_64-linux-gnu/crti.o] ==> ignore
    arg [/usr/lib/gcc/x86_64-linux-gnu/4.4.7/crtbegin.o] ==> ignore
    arg [-L/usr/lib/gcc/x86_64-linux-gnu/4.4.7] ==> dir [/usr/lib/gcc/x86_64-linux-gnu/4.4.7]
    arg [-L/usr/lib/gcc/x86_64-linux-gnu/4.4.7] ==> dir [/usr/lib/gcc/x86_64-linux-gnu/4.4.7]
    arg [-L/usr/lib/gcc/x86_64-linux-gnu/4.4.7/../../../x86_64-linux-gnu] ==> dir [/usr/lib/gcc/x86_64-linux-gnu/4.4.7/../../../x86_64-linux-gnu]
    arg [-L/usr/lib/gcc/x86_64-linux-gnu/4.4.7/../../../../lib] ==> dir [/usr/lib/gcc/x86_64-linux-gnu/4.4.7/../../../../lib]
    arg [-L/lib/x86_64-linux-gnu] ==> dir [/lib/x86_64-linux-gnu]
    arg [-L/lib/../lib] ==> dir [/lib/../lib]
    arg [-L/usr/lib/x86_64-linux-gnu] ==> dir [/usr/lib/x86_64-linux-gnu]
    arg [-L/usr/lib/../lib] ==> dir [/usr/lib/../lib]
    arg [-L/usr/lib/gcc/x86_64-linux-gnu/4.4.7/../../..] ==> dir [/usr/lib/gcc/x86_64-linux-gnu/4.4.7/../../..]
    arg [CMakeFiles/cmTryCompileExec2917840265.dir/CMakeCXXCompilerABI.cpp.o] ==> ignore
    arg [-lstdc++] ==> lib [stdc++]
    arg [-lm] ==> lib [m]
    arg [-lgcc_s] ==> lib [gcc_s]
    arg [-lgcc] ==> lib [gcc]
    arg [-lc] ==> lib [c]
    arg [-lgcc_s] ==> lib [gcc_s]
    arg [-lgcc] ==> lib [gcc]
    arg [/usr/lib/gcc/x86_64-linux-gnu/4.4.7/crtend.o] ==> ignore
    arg [/usr/lib/gcc/x86_64-linux-gnu/4.4.7/../../../x86_64-linux-gnu/crtn.o] ==> ignore
  remove lib [gcc_s]
  remove lib [gcc]
  remove lib [gcc_s]
  remove lib [gcc]
  collapse dir [/usr/lib/gcc/x86_64-linux-gnu/4.4.7] ==> [/usr/lib/gcc/x86_64-linux-gnu/4.4.7]
  collapse dir [/usr/lib/gcc/x86_64-linux-gnu/4.4.7] ==> [/usr/lib/gcc/x86_64-linux-gnu/4.4.7]
  collapse dir [/usr/lib/gcc/x86_64-linux-gnu/4.4.7/../../../x86_64-linux-gnu] ==> [/usr/lib/x86_64-linux-gnu]
  collapse dir [/usr/lib/gcc/x86_64-linux-gnu/4.4.7/../../../../lib] ==> [/usr/lib]
  collapse dir [/lib/x86_64-linux-gnu] ==> [/lib/x86_64-linux-gnu]
  collapse dir [/lib/../lib] ==> [/lib]
  collapse dir [/usr/lib/x86_64-linux-gnu] ==> [/usr/lib/x86_64-linux-gnu]
  collapse dir [/usr/lib/../lib] ==> [/usr/lib]
  collapse dir [/usr/lib/gcc/x86_64-linux-gnu/4.4.7/../../..] ==> [/usr/lib]
  implicit libs: [stdc++;m;c]
  implicit dirs: [/usr/lib/gcc/x86_64-linux-gnu/4.4.7;/usr/lib/x86_64-linux-gnu;/usr/lib;/lib/x86_64-linux-gnu;/lib]


Determining if files inttypes.h exist passed with the following output:
Change Dir: /home/chteflio/workspace/mpi2/build/CMakeFiles/CMakeTmp

Run Build Command:/usr/bin/make "cmTryCompileExec493074073/fast"
/usr/bin/make -f CMakeFiles/cmTryCompileExec493074073.dir/build.make CMakeFiles/cmTryCompileExec493074073.dir/build
make[1]: Entering directory `/home/chteflio/workspace/mpi2/build/CMakeFiles/CMakeTmp'
/usr/bin/cmake -E cmake_progress_report /home/chteflio/workspace/mpi2/build/CMakeFiles/CMakeTmp/CMakeFiles 1
Building C object CMakeFiles/cmTryCompileExec493074073.dir/CheckIncludeFiles.c.o
/usr/bin/gcc-4.4   -fmessage-length=0     -o CMakeFiles/cmTryCompileExec493074073.dir/CheckIncludeFiles.c.o   -c /home/chteflio/workspace/mpi2/build/CMakeFiles/CMakeTmp/CheckIncludeFiles.c
Linking C executable cmTryCompileExec493074073
/usr/bin/cmake -E cmake_link_script CMakeFiles/cmTryCompileExec493074073.dir/link.txt --verbose=1
/usr/bin/gcc-4.4    -fmessage-length=0      CMakeFiles/cmTryCompileExec493074073.dir/CheckIncludeFiles.c.o  -o cmTryCompileExec493074073 -rdynamic 
make[1]: Leaving directory `/home/chteflio/workspace/mpi2/build/CMakeFiles/CMakeTmp'


Determining if files stdint.h exist passed with the following output:
Change Dir: /home/chteflio/workspace/mpi2/build/CMakeFiles/CMakeTmp

Run Build Command:/usr/bin/make "cmTryCompileExec19921380/fast"
/usr/bin/make -f CMakeFiles/cmTryCompileExec19921380.dir/build.make CMakeFiles/cmTryCompileExec19921380.dir/build
make[1]: Entering directory `/home/chteflio/workspace/mpi2/build/CMakeFiles/CMakeTmp'
/usr/bin/cmake -E cmake_progress_report /home/chteflio/workspace/mpi2/build/CMakeFiles/CMakeTmp/CMakeFiles 1
Building C object CMakeFiles/cmTryCompileExec19921380.dir/CheckIncludeFiles.c.o
/usr/bin/gcc-4.4   -fmessage-length=0     -o CMakeFiles/cmTryCompileExec19921380.dir/CheckIncludeFiles.c.o   -c /home/chteflio/workspace/mpi2/build/CMakeFiles/CMakeTmp/CheckIncludeFiles.c
Linking C executable cmTryCompileExec19921380
/usr/bin/cmake -E cmake_link_script CMakeFiles/cmTryCompileExec19921380.dir/link.txt --verbose=1
/usr/bin/gcc-4.4    -fmessage-length=0      CMakeFiles/cmTryCompileExec19921380.dir/CheckIncludeFiles.c.o  -o cmTryCompileExec19921380 -rdynamic 
make[1]: Leaving directory `/home/chteflio/workspace/mpi2/build/CMakeFiles/CMakeTmp'


